{"contracts/grapevine/crowdsale/GrapevineCrowdsale.sol":{"l":{"44":4},"path":"/Users/amiladi/Work/Docs/BC/GRAPEVINE/SmartContract/contracts/grapevine/crowdsale/GrapevineCrowdsale.sol","s":{},"b":{},"f":{"1":6,"2":4},"fnMap":{"1":{"name":null,"line":26,"loc":{"start":{"line":26,"column":2},"end":{"line":39,"column":5}}},"2":{"name":"_preValidatePurchase","line":43,"loc":{"start":{"line":43,"column":2},"end":{"line":43,"column":96}}}},"statementMap":{},"branchMap":{}},"contracts/grapevine/token/GrapevineToken.sol":{"l":{"15":44,"16":44,"17":44,"18":44,"19":44,"26":1,"34":3},"path":"/Users/amiladi/Work/Docs/BC/GRAPEVINE/SmartContract/contracts/grapevine/token/GrapevineToken.sol","s":{"1":44,"2":44,"3":44,"4":44,"5":44,"6":1},"b":{},"f":{"1":44,"2":1,"3":3},"fnMap":{"1":{"name":null,"line":14,"loc":{"start":{"line":14,"column":2},"end":{"line":14,"column":58}}},"2":{"name":null,"line":25,"loc":{"start":{"line":25,"column":2},"end":{"line":25,"column":28}}},"3":{"name":"burn","line":33,"loc":{"start":{"line":33,"column":2},"end":{"line":33,"column":54}}}},"statementMap":{"1":{"start":{"line":15,"column":4},"end":{"line":15,"column":56}},"2":{"start":{"line":16,"column":4},"end":{"line":16,"column":38}},"3":{"start":{"line":17,"column":4},"end":{"line":17,"column":55}},"4":{"start":{"line":18,"column":4},"end":{"line":18,"column":36}},"5":{"start":{"line":19,"column":4},"end":{"line":19,"column":10}},"6":{"start":{"line":26,"column":4},"end":{"line":26,"column":11}}},"branchMap":{}},"contracts/grapevine/token/PausableToken.sol":{"l":{"21":101,"22":96,"34":23,"46":60,"59":7,"73":3,"87":3},"path":"/Users/amiladi/Work/Docs/BC/GRAPEVINE/SmartContract/contracts/grapevine/token/PausableToken.sol","s":{"1":101,"2":23,"3":60,"4":7,"5":3,"6":3},"b":{"1":[96,5]},"f":{"1":101,"2":23,"3":60,"4":7,"5":3,"6":3},"fnMap":{"1":{"name":"whenNotPausedOrWhitelisted","line":20,"loc":{"start":{"line":20,"column":2},"end":{"line":20,"column":39}}},"2":{"name":"approve","line":33,"loc":{"start":{"line":33,"column":2},"end":{"line":33,"column":101}}},"3":{"name":"transfer","line":45,"loc":{"start":{"line":45,"column":2},"end":{"line":45,"column":97}}},"4":{"name":"transferFrom","line":58,"loc":{"start":{"line":58,"column":2},"end":{"line":58,"column":116}}},"5":{"name":"increaseApproval","line":72,"loc":{"start":{"line":72,"column":2},"end":{"line":72,"column":120}}},"6":{"name":"decreaseApproval","line":86,"loc":{"start":{"line":86,"column":2},"end":{"line":86,"column":125}}}},"statementMap":{"1":{"start":{"line":21,"column":4},"end":{"line":21,"column":44}},"2":{"start":{"line":34,"column":4},"end":{"line":34,"column":42}},"3":{"start":{"line":46,"column":4},"end":{"line":46,"column":38}},"4":{"start":{"line":59,"column":4},"end":{"line":59,"column":49}},"5":{"start":{"line":73,"column":4},"end":{"line":73,"column":56}},"6":{"start":{"line":87,"column":4},"end":{"line":87,"column":61}}},"branchMap":{"1":{"line":21,"type":"if","locations":[{"start":{"line":21,"column":4},"end":{"line":21,"column":4}},{"start":{"line":21,"column":4},"end":{"line":21,"column":4}}]}}}}