TN:
SF:/Users/amiladi/Work/Docs/BC/GRAPEVINE/SmartContract/contracts/grapevine/crowdsale/GrapevineCrowdsale.sol
FN:26,
FN:43,_preValidatePurchase
FNF:2
FNH:2
FNDA:6,
FNDA:4,_preValidatePurchase
DA:44,4
LF:1
LH:1
BRF:0
BRH:0
end_of_record
TN:
SF:/Users/amiladi/Work/Docs/BC/GRAPEVINE/SmartContract/contracts/grapevine/token/GrapevineToken.sol
FN:14,
FN:25,
FN:33,burn
FNF:3
FNH:3
FNDA:44,
FNDA:1,
FNDA:3,burn
DA:15,44
DA:16,44
DA:17,44
DA:18,44
DA:19,44
DA:26,1
DA:34,3
LF:7
LH:7
BRF:0
BRH:0
end_of_record
TN:
SF:/Users/amiladi/Work/Docs/BC/GRAPEVINE/SmartContract/contracts/grapevine/token/PausableToken.sol
FN:20,whenNotPausedOrWhitelisted
FN:33,approve
FN:45,transfer
FN:58,transferFrom
FN:72,increaseApproval
FN:86,decreaseApproval
FNF:6
FNH:6
FNDA:101,whenNotPausedOrWhitelisted
FNDA:23,approve
FNDA:60,transfer
FNDA:7,transferFrom
FNDA:3,increaseApproval
FNDA:3,decreaseApproval
DA:21,101
DA:22,96
DA:34,23
DA:46,60
DA:59,7
DA:73,3
DA:87,3
LF:7
LH:7
BRDA:21,1,0,96
BRDA:21,1,1,5
BRF:2
BRH:2
end_of_record
